
[2025-05-04 20:55:55] [GoogleCallback] Config cargado.
[2025-05-04 20:55:55] [GoogleCallback] Autoload cargado.
[2025-05-04 20:55:55] [GoogleCallback] Functions cargado.
[2025-05-04 20:55:55] [GoogleCallback] Conexion cargado.
[2025-05-04 20:55:55] [GoogleCallback] Google API Autoload cargado.
[2025-05-04 20:55:55] [GoogleCallback] Parámetros GET recibidos: []
[2025-05-04 20:55:55] [GoogleCallback] Cliente Google inicializado.
[2025-05-04 20:55:55] [GoogleCallback] Procesando respuesta de Google...
[2025-05-04 20:55:55] [GoogleCallback] !!! EXCEPCIÓN CAPTURADA: No se recibió código de autorización de Google.
[2025-05-04 20:58:48] [GoogleCallback] Config cargado.
[2025-05-04 20:58:48] [GoogleCallback] Autoload cargado.
[2025-05-04 20:58:48] [GoogleCallback] Functions cargado.
[2025-05-04 20:58:48] [GoogleCallback] Conexion cargado.
[2025-05-04 20:58:48] [GoogleCallback] Google API Autoload cargado.
[2025-05-04 20:58:48] [GoogleCallback] Parámetros GET recibidos: []
[2025-05-04 20:58:48] [GoogleCallback] Cliente Google inicializado.
[2025-05-04 20:58:48] [GoogleCallback] Procesando respuesta de Google...
[2025-05-04 20:58:48] [GoogleCallback] !!! EXCEPCIÓN CAPTURADA: No se recibió código de autorización de Google.
[2025-05-04 22:15:21] [GoogleCallback] Config cargado.
[2025-05-04 22:15:21] [GoogleCallback] Autoload cargado.
[2025-05-04 22:15:21] [GoogleCallback] Functions cargado.
[2025-05-04 22:15:21] [GoogleCallback] Conexion cargado.
[2025-05-04 22:15:21] [GoogleCallback] Google API Autoload cargado.
[2025-05-04 22:15:21] [GoogleCallback] Parámetros GET recibidos: []
[2025-05-04 22:15:21] [GoogleCallback] Cliente Google inicializado.
[2025-05-04 22:15:21] [GoogleCallback] Procesando respuesta de Google...
[2025-05-04 22:15:21] [GoogleCallback] !!! EXCEPCIÓN CAPTURADA: No se recibió código de autorización de Google.
[2025-05-04 22:15:35] [GoogleCallback] Config cargado.
[2025-05-04 22:15:35] [GoogleCallback] Autoload cargado.
[2025-05-04 22:15:35] [GoogleCallback] Functions cargado.
[2025-05-04 22:15:35] [GoogleCallback] Conexion cargado.
[2025-05-04 22:15:35] [GoogleCallback] Google API Autoload cargado.
[2025-05-04 22:15:35] [GoogleCallback] Parámetros GET recibidos: []
[2025-05-04 22:15:35] [GoogleCallback] Cliente Google inicializado.
[2025-05-04 22:15:35] [GoogleCallback] Procesando respuesta de Google...
[2025-05-04 22:15:35] [GoogleCallback] !!! EXCEPCIÓN CAPTURADA: No se recibió código de autorización de Google.
[2025-05-04 22:36:47] [GoogleCallback] Config cargado.
[2025-05-04 22:36:47] [GoogleCallback] Autoload cargado.
[2025-05-04 22:36:47] [GoogleCallback] Functions cargado.
[2025-05-04 22:36:47] [GoogleCallback] Conexion cargado.
[2025-05-04 22:36:47] [GoogleCallback] Google API Autoload cargado.
[2025-05-04 22:36:47] [GoogleCallback] Parámetros GET recibidos: []
[2025-05-04 22:36:47] [GoogleCallback] Cliente Google inicializado.
[2025-05-04 22:36:47] [GoogleCallback] Procesando respuesta de Google...
[2025-05-04 22:36:47] [GoogleCallback] !!! EXCEPCIÓN CAPTURADA: No se recibió código de autorización de Google.
[2025-05-04 22:45:47] [GoogleCallback] Config cargado.
[2025-05-04 22:45:47] [GoogleCallback] Autoload cargado.
[2025-05-04 22:45:47] [GoogleCallback] Functions cargado.
[2025-05-04 22:45:47] [GoogleCallback] Conexion cargado.
[2025-05-04 22:45:47] [GoogleCallback] Google API Autoload cargado.
[2025-05-04 22:45:47] [GoogleCallback] Parámetros GET recibidos: []
[2025-05-04 22:45:47] [GoogleCallback] Cliente Google inicializado.
[2025-05-04 22:45:47] [GoogleCallback] Procesando respuesta de Google...
[2025-05-04 22:45:47] [GoogleCallback] !!! EXCEPCIÓN CAPTURADA: No se recibió código de autorización de Google.
